<?xml version="1.0" encoding="UTF-8"?>
<!-- Generated by org.testng.reporters.JUnitReportReporter -->
<testsuite skipped="0" hostname="SHUBHAM" name="Com.Testcases.TakeScreenshot" tests="1" failures="0" timestamp="14 Apr 2020 14:59:37 GMT" time="38.769" errors="0">
  <testcase name="ScreenShot" time="38.769" classname="Com.Testcases.TakeScreenshot"/>
</testsuite> <!-- Com.Testcases.TakeScreenshot -->
