<?xml version="1.0" encoding="UTF-8"?>
<!-- Generated by org.testng.reporters.JUnitReportReporter -->
<testsuite skipped="0" hostname="SHUBHAM" name="Com.Testcases.OpenbrowserTestcase" tests="1" failures="0" timestamp="13 Apr 2020 09:26:31 GMT" time="28.940" errors="0">
  <testcase name="test12" time="28.940" classname="Com.Testcases.OpenbrowserTestcase"/>
</testsuite> <!-- Com.Testcases.OpenbrowserTestcase -->
