<?xml version="1.0" encoding="UTF-8"?>
<!-- Generated by org.testng.reporters.JUnitReportReporter -->
<testsuite skipped="0" hostname="SHUBHAM" name="Com.Testcases.OpenbrowserTestcase" tests="1" failures="0" timestamp="13 Apr 2020 12:20:27 GMT" time="23.390" errors="0">
  <testcase name="test12" time="23.390" classname="Com.Testcases.OpenbrowserTestcase"/>
</testsuite> <!-- Com.Testcases.OpenbrowserTestcase -->
